<?xml version="1.0" encoding="UTF-8"?>
<!-- Generated by org.testng.reporters.JUnitXMLReporter -->
<testsuite ignored="0" hostname="DESKTOP-M0OJOK9" failures="1" tests="1" name="Regression 1" time="6.168" errors="0" timestamp="2023-09-03T21:33:16 ICT">
  <testcase classname="Test1" name="loginTest" time="2.614">
    <failure type="com.google.gson.JsonSyntaxException" message="com.google.gson.stream.MalformedJsonException: Expected &amp;apos;:&amp;apos; at line 1 column 46 path $[0].versionedRepresentations">
      <![CDATA[com.google.gson.JsonSyntaxException: com.google.gson.stream.MalformedJsonException: Expected ':' at line 1 column 46 path $[0].versionedRepresentations
at com.google.gson.Gson.fromJson(Gson.java:942)
at com.google.gson.Gson.fromJson(Gson.java:892)
at com.google.gson.Gson.fromJson(Gson.java:841)
at com.google.gson.Gson.fromJson(Gson.java:813)
at Test1.loginTest(Test1.java:33)
at java.base/java.util.ArrayList.forEach(ArrayList.java:1541)
at com.intellij.rt.testng.IDEARemoteTestNG.run(IDEARemoteTestNG.java:66)
at com.intellij.rt.testng.RemoteTestNGStarter.main(RemoteTestNGStarter.java:105)
Caused by: com.google.gson.stream.MalformedJsonException: Expected ':' at line 1 column 46 path $[0].versionedRepresentations
at com.google.gson.stream.JsonReader.syntaxError(JsonReader.java:1568)
at com.google.gson.stream.JsonReader.doPeek(JsonReader.java:530)
at com.google.gson.stream.JsonReader.peek(JsonReader.java:425)
at com.google.gson.internal.bind.TypeAdapters$29.read(TypeAdapters.java:700)
at com.google.gson.internal.bind.TypeAdapters$29.read(TypeAdapters.java:723)
at com.google.gson.internal.bind.TypeAdapters$29.read(TypeAdapters.java:715)
at com.google.gson.internal.bind.TypeAdapters$29.read(TypeAdapters.java:698)
at com.google.gson.internal.bind.TypeAdapters$35$1.read(TypeAdapters.java:894)
at com.google.gson.Gson.fromJson(Gson.java:927)
... 31 more
... Removed 24 stack frames]]>
    </failure>
  </testcase> <!-- loginTest -->
</testsuite> <!-- Regression 1 -->
