<?xml version="1.0" encoding="UTF-8"?>
<testng-results ignored="0" total="1" passed="1" failed="0" skipped="0">
  <reporter-output>
  </reporter-output>
  <suite started-at="2023-09-03T11:13:02 ICT" name="API 2_Jira RestAPI" finished-at="2023-09-03T11:13:08 ICT" duration-ms="5468">
    <groups>
    </groups>
    <test started-at="2023-09-03T11:13:02 ICT" name="Regression 1" finished-at="2023-09-03T11:13:08 ICT" duration-ms="5468">
      <class name="Test1">
        <test-method is-config="true" signature="configure()[pri:0, instance:Test1@7748410a]" started-at="2023-09-03T11:13:03 ICT" name="configure" finished-at="2023-09-03T11:13:03 ICT" duration-ms="20" status="PASS">
          <reporter-output>
          </reporter-output>
        </test-method> <!-- configure -->
        <test-method is-config="true" signature="setUp()[pri:0, instance:Test1@7748410a]" started-at="2023-09-03T11:13:03 ICT" name="setUp" finished-at="2023-09-03T11:13:06 ICT" duration-ms="2576" status="PASS">
          <reporter-output>
          </reporter-output>
        </test-method> <!-- setUp -->
        <test-method signature="loginTest()[pri:1, instance:Test1@7748410a]" started-at="2023-09-03T11:13:06 ICT" name="loginTest" description="description for test 1" finished-at="2023-09-03T11:13:08 ICT" duration-ms="2163" status="PASS">
          <reporter-output>
          </reporter-output>
        </test-method> <!-- loginTest -->
      </class> <!-- Test1 -->
    </test> <!-- Regression 1 -->
  </suite> <!-- API 2_Jira RestAPI -->
</testng-results>
